<?xml version="1.0" encoding="UTF-8"?>
<testsuite name="ru.stqa.pft.addressbook.tests.ContactsModificationTests" tests="1" skipped="0" failures="1" errors="0" timestamp="2022-01-26T20:20:38" hostname="EPRUPETW0A4A" time="7.18">
  <properties/>
  <testcase name="ContactModification" classname="ru.stqa.pft.addressbook.tests.ContactsModificationTests" time="7.18">
    <failure message="java.lang.AssertionError: Sets differ: expected [ContactData{id=48, firstname='firstName 1', lastname='lastName 1', homephone='null', email='null'}, ContactData{id=16, firstname='firstName 2', lastname='lastName 2', homephone='null', email='null'}, ContactData{id=54, firstname='firstName 1', lastname='lastName 1', homephone='null', email='null'}, ContactData{id=23, firstname='O', lastname='B', homephone='null', email='null'}, ContactData{id=22, firstname='firstName 2', lastname='lastName 2', homephone='null', email='null'}, ContactData{id=19, firstname='firstName 2', lastname='lastName 2', homephone='null', email='null'}, ContactData{id=51, firstname='firstName 1', lastname='lastName 1', homephone='null', email='null'}, ContactData{id=25, firstname='firstName 2', lastname='lastName 2', homephone='null', email='null'}, ContactData{id=26, firstname='firstName 0', lastname='lastName 0', homephone='null', email='null'}, ContactData{id=57, firstname='firstName 1', lastname='lastName 1', homephone='null', email='null'}, ContactData{id=30, firstname='firstName 1', lastname='lastName 1', homephone='null', email='null'}, ContactData{id=27, firstname='firstName 1', lastname='lastName 1', homephone='null', email='null'}, ContactData{id=33, firstname='firstName 1', lastname='lastName 1', homephone='null', email='null'}, ContactData{id=36, firstname='firstName 1', lastname='lastName 1', homephone='null', email='null'}, ContactData{id=42, firstname='firstName 1', lastname='lastName 1', homephone='null', email='null'}, ContactData{id=39, firstname='firstName 1', lastname='lastName 1', homephone='null', email='null'}, ContactData{id=46, firstname='firstName 2', lastname='lastName 2', homephone='null', email='null'}, ContactData{id=44, firstname='firstName 0', lastname='lastName 0', homephone='null', email='null'}, ContactData{id=43, firstname='firstName 2', lastname='lastName 2', homephone='null', email='null'}, ContactData{id=50, firstname='firstName 0', lastname='lastName 0', homephone='null', email='null'}, ContactData{id=18, firstname='firstName 1', lastname='lastName 1', homephone='null', email='null'}, ContactData{id=49, firstname='firstName 2', lastname='lastName 2', homephone='null', email='null'}, ContactData{id=47, firstname='firstName 0', lastname='lastName 0', homephone='null', email='null'}, ContactData{id=21, firstname='firstName 1', lastname='lastName 1', homephone='null', email='null'}, ContactData{id=53, firstname='firstName 0', lastname='lastName 0', homephone='null', email='null'}, ContactData{id=52, firstname='firstName 2', lastname='lastName 2', homephone='null', email='null'}, ContactData{id=58, firstname='firstName 2', lastname='lastName 2', homephone='null', email='null'}, ContactData{id=56, firstname='firstName 0', lastname='lastName 0', homephone='null', email='null'}, ContactData{id=24, firstname='firstName 1', lastname='lastName 1', homephone='null', email='null'}, ContactData{id=55, firstname='firstName 2', lastname='lastName 2', homephone='null', email='null'}, ContactData{id=29, firstname='firstName 0', lastname='lastName 0', homephone='null', email='null'}, ContactData{id=28, firstname='firstName 2', lastname='lastName 2', homephone='null', email='null'}, ContactData{id=34, firstname='firstName 2', lastname='lastName 2', homephone='null', email='null'}, ContactData{id=31, firstname='firstName 2', lastname='lastName 2', homephone='null', email='null'}, ContactData{id=32, firstname='firstName 0', lastname='lastName 0', homephone='null', email='null'}, ContactData{id=38, firstname='firstName 0', lastname='lastName 0', homephone='null', email='null'}, ContactData{id=37, firstname='firstName 2', lastname='lastName 2', homephone='null', email='null'}, ContactData{id=35, firstname='firstName 0', lastname='lastName 0', homephone='null', email='null'}, ContactData{id=41, firstname='firstName 0', lastname='lastName 0', homephone='null', email='null'}, ContactData{id=40, firstname='firstName 2', lastname='lastName 2', homephone='null', email='null'}] but got [ContactData{id=48, firstname='firstName 1', lastname='lastName 1', homephone='null', email='null'}, ContactData{id=16, firstname='firstName 2', lastname='lastName 2', homephone='null', email='null'}, ContactData{id=54, firstname='firstName 1', lastname='lastName 1', homephone='null', email='null'}, ContactData{id=22, firstname='firstName 2', lastname='lastName 2', homephone='null', email='null'}, ContactData{id=19, firstname='firstName 2', lastname='lastName 2', homephone='null', email='null'}, ContactData{id=51, firstname='firstName 1', lastname='lastName 1', homephone='null', email='null'}, ContactData{id=25, firstname='firstName 2', lastname='lastName 2', homephone='null', email='null'}, ContactData{id=26, firstname='firstName 0', lastname='lastName 0', homephone='null', email='null'}, ContactData{id=57, firstname='firstName 1', lastname='lastName 1', homephone='null', email='null'}, ContactData{id=23, firstname='firstName 0', lastname='lastName 0', homephone='null', email='null'}, ContactData{id=30, firstname='firstName 1', lastname='lastName 1', homephone='null', email='null'}, ContactData{id=27, firstname='firstName 1', lastname='lastName 1', homephone='null', email='null'}, ContactData{id=33, firstname='firstName 1', lastname='lastName 1', homephone='null', email='null'}, ContactData{id=36, firstname='firstName 1', lastname='lastName 1', homephone='null', email='null'}, ContactData{id=42, firstname='firstName 1', lastname='lastName 1', homephone='null', email='null'}, ContactData{id=39, firstname='firstName 1', lastname='lastName 1', homephone='null', email='null'}, ContactData{id=46, firstname='firstName 2', lastname='lastName 2', homephone='null', email='null'}, ContactData{id=44, firstname='firstName 0', lastname='lastName 0', homephone='null', email='null'}, ContactData{id=43, firstname='firstName 2', lastname='lastName 2', homephone='null', email='null'}, ContactData{id=50, firstname='firstName 0', lastname='lastName 0', homephone='null', email='null'}, ContactData{id=18, firstname='firstName 1', lastname='lastName 1', homephone='null', email='null'}, ContactData{id=49, firstname='firstName 2', lastname='lastName 2', homephone='null', email='null'}, ContactData{id=47, firstname='firstName 0', lastname='lastName 0', homephone='null', email='null'}, ContactData{id=21, firstname='firstName 1', lastname='lastName 1', homephone='null', email='null'}, ContactData{id=53, firstname='firstName 0', lastname='lastName 0', homephone='null', email='null'}, ContactData{id=52, firstname='firstName 2', lastname='lastName 2', homephone='null', email='null'}, ContactData{id=58, firstname='firstName 2', lastname='lastName 2', homephone='null', email='null'}, ContactData{id=56, firstname='firstName 0', lastname='lastName 0', homephone='null', email='null'}, ContactData{id=24, firstname='firstName 1', lastname='lastName 1', homephone='null', email='null'}, ContactData{id=55, firstname='firstName 2', lastname='lastName 2', homephone='null', email='null'}, ContactData{id=29, firstname='firstName 0', lastname='lastName 0', homephone='null', email='null'}, ContactData{id=28, firstname='firstName 2', lastname='lastName 2', homephone='null', email='null'}, ContactData{id=34, firstname='firstName 2', lastname='lastName 2', homephone='null', email='null'}, ContactData{id=31, firstname='firstName 2', lastname='lastName 2', homephone='null', email='null'}, ContactData{id=32, firstname='firstName 0', lastname='lastName 0', homephone='null', email='null'}, ContactData{id=38, firstname='firstName 0', lastname='lastName 0', homephone='null', email='null'}, ContactData{id=37, firstname='firstName 2', lastname='lastName 2', homephone='null', email='null'}, ContactData{id=35, firstname='firstName 0', lastname='lastName 0', homephone='null', email='null'}, ContactData{id=41, firstname='firstName 0', lastname='lastName 0', homephone='null', email='null'}, ContactData{id=40, firstname='firstName 2', lastname='lastName 2', homephone='null', email='null'}]" type="java.lang.AssertionError">java.lang.AssertionError: Sets differ: expected [ContactData{id=48, firstname='firstName 1', lastname='lastName 1', homephone='null', email='null'}, ContactData{id=16, firstname='firstName 2', lastname='lastName 2', homephone='null', email='null'}, ContactData{id=54, firstname='firstName 1', lastname='lastName 1', homephone='null', email='null'}, ContactData{id=23, firstname='O', lastname='B', homephone='null', email='null'}, ContactData{id=22, firstname='firstName 2', lastname='lastName 2', homephone='null', email='null'}, ContactData{id=19, firstname='firstName 2', lastname='lastName 2', homephone='null', email='null'}, ContactData{id=51, firstname='firstName 1', lastname='lastName 1', homephone='null', email='null'}, ContactData{id=25, firstname='firstName 2', lastname='lastName 2', homephone='null', email='null'}, ContactData{id=26, firstname='firstName 0', lastname='lastName 0', homephone='null', email='null'}, ContactData{id=57, firstname='firstName 1', lastname='lastName 1', homephone='null', email='null'}, ContactData{id=30, firstname='firstName 1', lastname='lastName 1', homephone='null', email='null'}, ContactData{id=27, firstname='firstName 1', lastname='lastName 1', homephone='null', email='null'}, ContactData{id=33, firstname='firstName 1', lastname='lastName 1', homephone='null', email='null'}, ContactData{id=36, firstname='firstName 1', lastname='lastName 1', homephone='null', email='null'}, ContactData{id=42, firstname='firstName 1', lastname='lastName 1', homephone='null', email='null'}, ContactData{id=39, firstname='firstName 1', lastname='lastName 1', homephone='null', email='null'}, ContactData{id=46, firstname='firstName 2', lastname='lastName 2', homephone='null', email='null'}, ContactData{id=44, firstname='firstName 0', lastname='lastName 0', homephone='null', email='null'}, ContactData{id=43, firstname='firstName 2', lastname='lastName 2', homephone='null', email='null'}, ContactData{id=50, firstname='firstName 0', lastname='lastName 0', homephone='null', email='null'}, ContactData{id=18, firstname='firstName 1', lastname='lastName 1', homephone='null', email='null'}, ContactData{id=49, firstname='firstName 2', lastname='lastName 2', homephone='null', email='null'}, ContactData{id=47, firstname='firstName 0', lastname='lastName 0', homephone='null', email='null'}, ContactData{id=21, firstname='firstName 1', lastname='lastName 1', homephone='null', email='null'}, ContactData{id=53, firstname='firstName 0', lastname='lastName 0', homephone='null', email='null'}, ContactData{id=52, firstname='firstName 2', lastname='lastName 2', homephone='null', email='null'}, ContactData{id=58, firstname='firstName 2', lastname='lastName 2', homephone='null', email='null'}, ContactData{id=56, firstname='firstName 0', lastname='lastName 0', homephone='null', email='null'}, ContactData{id=24, firstname='firstName 1', lastname='lastName 1', homephone='null', email='null'}, ContactData{id=55, firstname='firstName 2', lastname='lastName 2', homephone='null', email='null'}, ContactData{id=29, firstname='firstName 0', lastname='lastName 0', homephone='null', email='null'}, ContactData{id=28, firstname='firstName 2', lastname='lastName 2', homephone='null', email='null'}, ContactData{id=34, firstname='firstName 2', lastname='lastName 2', homephone='null', email='null'}, ContactData{id=31, firstname='firstName 2', lastname='lastName 2', homephone='null', email='null'}, ContactData{id=32, firstname='firstName 0', lastname='lastName 0', homephone='null', email='null'}, ContactData{id=38, firstname='firstName 0', lastname='lastName 0', homephone='null', email='null'}, ContactData{id=37, firstname='firstName 2', lastname='lastName 2', homephone='null', email='null'}, ContactData{id=35, firstname='firstName 0', lastname='lastName 0', homephone='null', email='null'}, ContactData{id=41, firstname='firstName 0', lastname='lastName 0', homephone='null', email='null'}, ContactData{id=40, firstname='firstName 2', lastname='lastName 2', homephone='null', email='null'}] but got [ContactData{id=48, firstname='firstName 1', lastname='lastName 1', homephone='null', email='null'}, ContactData{id=16, firstname='firstName 2', lastname='lastName 2', homephone='null', email='null'}, ContactData{id=54, firstname='firstName 1', lastname='lastName 1', homephone='null', email='null'}, ContactData{id=22, firstname='firstName 2', lastname='lastName 2', homephone='null', email='null'}, ContactData{id=19, firstname='firstName 2', lastname='lastName 2', homephone='null', email='null'}, ContactData{id=51, firstname='firstName 1', lastname='lastName 1', homephone='null', email='null'}, ContactData{id=25, firstname='firstName 2', lastname='lastName 2', homephone='null', email='null'}, ContactData{id=26, firstname='firstName 0', lastname='lastName 0', homephone='null', email='null'}, ContactData{id=57, firstname='firstName 1', lastname='lastName 1', homephone='null', email='null'}, ContactData{id=23, firstname='firstName 0', lastname='lastName 0', homephone='null', email='null'}, ContactData{id=30, firstname='firstName 1', lastname='lastName 1', homephone='null', email='null'}, ContactData{id=27, firstname='firstName 1', lastname='lastName 1', homephone='null', email='null'}, ContactData{id=33, firstname='firstName 1', lastname='lastName 1', homephone='null', email='null'}, ContactData{id=36, firstname='firstName 1', lastname='lastName 1', homephone='null', email='null'}, ContactData{id=42, firstname='firstName 1', lastname='lastName 1', homephone='null', email='null'}, ContactData{id=39, firstname='firstName 1', lastname='lastName 1', homephone='null', email='null'}, ContactData{id=46, firstname='firstName 2', lastname='lastName 2', homephone='null', email='null'}, ContactData{id=44, firstname='firstName 0', lastname='lastName 0', homephone='null', email='null'}, ContactData{id=43, firstname='firstName 2', lastname='lastName 2', homephone='null', email='null'}, ContactData{id=50, firstname='firstName 0', lastname='lastName 0', homephone='null', email='null'}, ContactData{id=18, firstname='firstName 1', lastname='lastName 1', homephone='null', email='null'}, ContactData{id=49, firstname='firstName 2', lastname='lastName 2', homephone='null', email='null'}, ContactData{id=47, firstname='firstName 0', lastname='lastName 0', homephone='null', email='null'}, ContactData{id=21, firstname='firstName 1', lastname='lastName 1', homephone='null', email='null'}, ContactData{id=53, firstname='firstName 0', lastname='lastName 0', homephone='null', email='null'}, ContactData{id=52, firstname='firstName 2', lastname='lastName 2', homephone='null', email='null'}, ContactData{id=58, firstname='firstName 2', lastname='lastName 2', homephone='null', email='null'}, ContactData{id=56, firstname='firstName 0', lastname='lastName 0', homephone='null', email='null'}, ContactData{id=24, firstname='firstName 1', lastname='lastName 1', homephone='null', email='null'}, ContactData{id=55, firstname='firstName 2', lastname='lastName 2', homephone='null', email='null'}, ContactData{id=29, firstname='firstName 0', lastname='lastName 0', homephone='null', email='null'}, ContactData{id=28, firstname='firstName 2', lastname='lastName 2', homephone='null', email='null'}, ContactData{id=34, firstname='firstName 2', lastname='lastName 2', homephone='null', email='null'}, ContactData{id=31, firstname='firstName 2', lastname='lastName 2', homephone='null', email='null'}, ContactData{id=32, firstname='firstName 0', lastname='lastName 0', homephone='null', email='null'}, ContactData{id=38, firstname='firstName 0', lastname='lastName 0', homephone='null', email='null'}, ContactData{id=37, firstname='firstName 2', lastname='lastName 2', homephone='null', email='null'}, ContactData{id=35, firstname='firstName 0', lastname='lastName 0', homephone='null', email='null'}, ContactData{id=41, firstname='firstName 0', lastname='lastName 0', homephone='null', email='null'}, ContactData{id=40, firstname='firstName 2', lastname='lastName 2', homephone='null', email='null'}]
	at org.testng.Assert.fail(Assert.java:110)
	at org.testng.Assert.assertEquals(Assert.java:1825)
	at org.testng.Assert.assertEquals(Assert.java:1752)
	at ru.stqa.pft.addressbook.tests.ContactsModificationTests.ContactModification(ContactsModificationTests.java:33)
	at sun.reflect.NativeMethodAccessorImpl.invoke0(Native Method)
	at sun.reflect.NativeMethodAccessorImpl.invoke(NativeMethodAccessorImpl.java:62)
	at sun.reflect.DelegatingMethodAccessorImpl.invoke(DelegatingMethodAccessorImpl.java:43)
	at java.lang.reflect.Method.invoke(Method.java:498)
	at org.testng.internal.invokers.MethodInvocationHelper.invokeMethod(MethodInvocationHelper.java:135)
	at org.testng.internal.invokers.TestInvoker.invokeMethod(TestInvoker.java:673)
	at org.testng.internal.invokers.TestInvoker.invokeTestMethod(TestInvoker.java:220)
	at org.testng.internal.invokers.MethodRunner.runInSequence(MethodRunner.java:50)
	at org.testng.internal.invokers.TestInvoker$MethodInvocationAgent.invoke(TestInvoker.java:945)
	at org.testng.internal.invokers.TestInvoker.invokeTestMethods(TestInvoker.java:193)
	at org.testng.internal.invokers.TestMethodWorker.invokeTestMethods(TestMethodWorker.java:146)
	at org.testng.internal.invokers.TestMethodWorker.run(TestMethodWorker.java:128)
	at java.util.ArrayList.forEach(ArrayList.java:1259)
	at org.testng.TestRunner.privateRun(TestRunner.java:808)
	at org.testng.TestRunner.run(TestRunner.java:603)
	at org.testng.SuiteRunner.runTest(SuiteRunner.java:429)
	at org.testng.SuiteRunner.runSequentially(SuiteRunner.java:423)
	at org.testng.SuiteRunner.privateRun(SuiteRunner.java:383)
	at org.testng.SuiteRunner.run(SuiteRunner.java:326)
	at org.testng.SuiteRunnerWorker.runSuite(SuiteRunnerWorker.java:52)
	at org.testng.SuiteRunnerWorker.run(SuiteRunnerWorker.java:95)
	at org.testng.TestNG.runSuitesSequentially(TestNG.java:1249)
	at org.testng.TestNG.runSuitesLocally(TestNG.java:1169)
	at org.testng.TestNG.runSuites(TestNG.java:1092)
	at org.testng.TestNG.run(TestNG.java:1060)
	at org.gradle.api.internal.tasks.testing.testng.TestNGTestClassProcessor.runTests(TestNGTestClassProcessor.java:141)
	at org.gradle.api.internal.tasks.testing.testng.TestNGTestClassProcessor.stop(TestNGTestClassProcessor.java:90)
	at org.gradle.api.internal.tasks.testing.SuiteTestClassProcessor.stop(SuiteTestClassProcessor.java:61)
	at sun.reflect.NativeMethodAccessorImpl.invoke0(Native Method)
	at sun.reflect.NativeMethodAccessorImpl.invoke(NativeMethodAccessorImpl.java:62)
	at sun.reflect.DelegatingMethodAccessorImpl.invoke(DelegatingMethodAccessorImpl.java:43)
	at java.lang.reflect.Method.invoke(Method.java:498)
	at org.gradle.internal.dispatch.ReflectionDispatch.dispatch(ReflectionDispatch.java:36)
	at org.gradle.internal.dispatch.ReflectionDispatch.dispatch(ReflectionDispatch.java:24)
	at org.gradle.internal.dispatch.ContextClassLoaderDispatch.dispatch(ContextClassLoaderDispatch.java:33)
	at org.gradle.internal.dispatch.ProxyDispatchAdapter$DispatchingInvocationHandler.invoke(ProxyDispatchAdapter.java:94)
	at com.sun.proxy.$Proxy2.stop(Unknown Source)
	at org.gradle.api.internal.tasks.testing.worker.TestWorker.stop(TestWorker.java:135)
	at sun.reflect.NativeMethodAccessorImpl.invoke0(Native Method)
	at sun.reflect.NativeMethodAccessorImpl.invoke(NativeMethodAccessorImpl.java:62)
	at sun.reflect.DelegatingMethodAccessorImpl.invoke(DelegatingMethodAccessorImpl.java:43)
	at java.lang.reflect.Method.invoke(Method.java:498)
	at org.gradle.internal.dispatch.ReflectionDispatch.dispatch(ReflectionDispatch.java:36)
	at org.gradle.internal.dispatch.ReflectionDispatch.dispatch(ReflectionDispatch.java:24)
	at org.gradle.internal.remote.internal.hub.MessageHubBackedObjectConnection$DispatchWrapper.dispatch(MessageHubBackedObjectConnection.java:182)
	at org.gradle.internal.remote.internal.hub.MessageHubBackedObjectConnection$DispatchWrapper.dispatch(MessageHubBackedObjectConnection.java:164)
	at org.gradle.internal.remote.internal.hub.MessageHub$Handler.run(MessageHub.java:414)
	at org.gradle.internal.concurrent.ExecutorPolicy$CatchAndRecordFailures.onExecute(ExecutorPolicy.java:64)
	at org.gradle.internal.concurrent.ManagedExecutorImpl$1.run(ManagedExecutorImpl.java:48)
	at java.util.concurrent.ThreadPoolExecutor.runWorker(ThreadPoolExecutor.java:1149)
	at java.util.concurrent.ThreadPoolExecutor$Worker.run(ThreadPoolExecutor.java:624)
	at org.gradle.internal.concurrent.ThreadFactoryImpl$ManagedThreadRunnable.run(ThreadFactoryImpl.java:56)
	at java.lang.Thread.run(Thread.java:748)
</failure>
  </testcase>
  <system-out><![CDATA[]]></system-out>
  <system-err><![CDATA[console.warn: LoginRecipes: "getRecipes: falling back to a synchronous message for:" "http://localhost"
JavaScript error: resource://gre/modules/LoginManagerParent.jsm, line 136: TypeError: gRecipeManager is null
console.warn: LoginRecipes: "getRecipes: falling back to a synchronous message for:" "http://localhost"
JavaScript error: resource://gre/modules/LoginManagerParent.jsm, line 136: TypeError: gRecipeManager is null
console.warn: LoginRecipes: "getRecipes: falling back to a synchronous message for:" "http://localhost"
JavaScript error: resource://gre/modules/LoginManagerParent.jsm, line 136: TypeError: gRecipeManager is null
]]></system-err>
</testsuite>
